<?xml version="1.0" encoding="UTF-8"?>
<testsuite name="app.demo.usecase.todo.CreateTasksUseCaseTest" tests="1" skipped="0" failures="0" errors="0" timestamp="2019-08-16T20:45:02" hostname="MacBook-Pro-de-rpombo-3.local" time="0.015">
  <properties/>
  <testcase name="shouldCreateNew" classname="app.demo.usecase.todo.CreateTasksUseCaseTest" time="0.015"/>
  <system-out><![CDATA[]]></system-out>
  <system-err><![CDATA[]]></system-err>
</testsuite>
