<?xml version="1.0" encoding="UTF-8"?>
<testsuite name="app.demo.usecase.todo.AssignTasksUseCaseTest" tests="1" skipped="0" failures="0" errors="0" timestamp="2019-08-16T20:44:52" hostname="MacBook-Pro-de-rpombo-3.local" time="0.401">
  <properties/>
  <testcase name="assignTask" classname="app.demo.usecase.todo.AssignTasksUseCaseTest" time="0.401"/>
  <system-out><![CDATA[15:44:52.932 [Test worker] DEBUG reactor.util.Loggers$LoggerFactory - Using Slf4j logging framework
]]></system-out>
  <system-err><![CDATA[]]></system-err>
</testsuite>
