<?xml version="1.0" encoding="UTF-8"?>
<testsuite name="app.demo.domain.common.ex.BusinessExceptionTest" tests="2" skipped="0" failures="0" errors="0" timestamp="2019-08-16T19:32:16" hostname="MacBook-Pro-de-rpombo-3.local" time="0.0">
  <properties/>
  <testcase name="testException" classname="app.demo.domain.common.ex.BusinessExceptionTest" time="0.0"/>
  <testcase name="testExceptionDefer" classname="app.demo.domain.common.ex.BusinessExceptionTest" time="0.0"/>
  <system-out><![CDATA[]]></system-out>
  <system-err><![CDATA[]]></system-err>
</testsuite>
