<?xml version="1.0" encoding="UTF-8"?>
<testsuite name="app.demo.test.UseCaseConfigTest" tests="6" skipped="0" failures="0" errors="0" timestamp="2019-08-16T19:32:04" hostname="MacBook-Pro-de-rpombo-3.local" time="0.262">
  <properties/>
  <testcase name="objectMapper" classname="app.demo.test.UseCaseConfigTest" time="0.252"/>
  <testcase name="reAssignUserTasksUseCase" classname="app.demo.test.UseCaseConfigTest" time="0.002"/>
  <testcase name="assignTasksUseCase" classname="app.demo.test.UseCaseConfigTest" time="0.001"/>
  <testcase name="createTasksUseCase" classname="app.demo.test.UseCaseConfigTest" time="0.001"/>
  <testcase name="queryTasksUseCase" classname="app.demo.test.UseCaseConfigTest" time="0.001"/>
  <testcase name="completeTasksUseCase" classname="app.demo.test.UseCaseConfigTest" time="0.001"/>
  <system-out><![CDATA[14:31:59.845 [Test worker] DEBUG org.springframework.test.context.junit4.SpringJUnit4ClassRunner - SpringJUnit4ClassRunner constructor called with [class app.demo.test.UseCaseConfigTest]
14:31:59.857 [Test worker] DEBUG org.springframework.test.context.BootstrapUtils - Instantiating CacheAwareContextLoaderDelegate from class [org.springframework.test.context.cache.DefaultCacheAwareContextLoaderDelegate]
14:31:59.872 [Test worker] DEBUG org.springframework.test.context.BootstrapUtils - Instantiating BootstrapContext using constructor [public org.springframework.test.context.support.DefaultBootstrapContext(java.lang.Class,org.springframework.test.context.CacheAwareContextLoaderDelegate)]
14:31:59.905 [Test worker] DEBUG org.springframework.test.context.BootstrapUtils - Instantiating TestContextBootstrapper for test class [app.demo.test.UseCaseConfigTest] from class [org.springframework.boot.test.context.SpringBootTestContextBootstrapper]
14:31:59.921 [Test worker] INFO org.springframework.boot.test.context.SpringBootTestContextBootstrapper - Neither @ContextConfiguration nor @ContextHierarchy found for test class [app.demo.test.UseCaseConfigTest], using SpringBootContextLoader
14:31:59.927 [Test worker] DEBUG org.springframework.test.context.support.AbstractContextLoader - Did not detect default resource location for test class [app.demo.test.UseCaseConfigTest]: class path resource [app/demo/test/UseCaseConfigTest-context.xml] does not exist
14:31:59.927 [Test worker] DEBUG org.springframework.test.context.support.AbstractContextLoader - Did not detect default resource location for test class [app.demo.test.UseCaseConfigTest]: class path resource [app/demo/test/UseCaseConfigTestContext.groovy] does not exist
14:31:59.927 [Test worker] INFO org.springframework.test.context.support.AbstractContextLoader - Could not detect default resource locations for test class [app.demo.test.UseCaseConfigTest]: no resource found for suffixes {-context.xml, Context.groovy}.
14:31:59.993 [Test worker] DEBUG org.springframework.test.context.support.ActiveProfilesUtils - Could not find an 'annotation declaring class' for annotation type [org.springframework.test.context.ActiveProfiles] and class [app.demo.test.UseCaseConfigTest]
14:32:00.146 [Test worker] DEBUG org.springframework.boot.test.context.SpringBootTestContextBootstrapper - @TestExecutionListeners is not present for class [app.demo.test.UseCaseConfigTest]: using defaults.
14:32:00.147 [Test worker] INFO org.springframework.boot.test.context.SpringBootTestContextBootstrapper - Loaded default TestExecutionListener class names from location [META-INF/spring.factories]: [org.springframework.boot.test.autoconfigure.restdocs.RestDocsTestExecutionListener, org.springframework.boot.test.autoconfigure.web.client.MockRestServiceServerResetTestExecutionListener, org.springframework.boot.test.autoconfigure.web.servlet.MockMvcPrintOnlyOnFailureTestExecutionListener, org.springframework.boot.test.autoconfigure.web.servlet.WebDriverTestExecutionListener, org.springframework.boot.test.mock.mockito.MockitoTestExecutionListener, org.springframework.boot.test.mock.mockito.ResetMocksTestExecutionListener, org.springframework.test.context.web.ServletTestExecutionListener, org.springframework.test.context.support.DirtiesContextBeforeModesTestExecutionListener, org.springframework.test.context.support.DependencyInjectionTestExecutionListener, org.springframework.test.context.support.DirtiesContextTestExecutionListener, org.springframework.test.context.transaction.TransactionalTestExecutionListener, org.springframework.test.context.jdbc.SqlScriptsTestExecutionListener]
14:32:00.161 [Test worker] DEBUG org.springframework.boot.test.context.SpringBootTestContextBootstrapper - Skipping candidate TestExecutionListener [org.springframework.test.context.web.ServletTestExecutionListener] due to a missing dependency. Specify custom listener classes or make the default listener classes and their required dependencies available. Offending class: [javax/servlet/ServletContext]
14:32:00.172 [Test worker] INFO org.springframework.boot.test.context.SpringBootTestContextBootstrapper - Using TestExecutionListeners: [org.springframework.test.context.support.DirtiesContextBeforeModesTestExecutionListener@d7d99ac, org.springframework.boot.test.mock.mockito.MockitoTestExecutionListener@34ea0ac8, org.springframework.boot.test.autoconfigure.SpringBootDependencyInjectionTestExecutionListener@2b29aba6, org.springframework.test.context.support.DirtiesContextTestExecutionListener@3130f911, org.springframework.test.context.transaction.TransactionalTestExecutionListener@50e1a662, org.springframework.test.context.jdbc.SqlScriptsTestExecutionListener@34394afc, org.springframework.boot.test.autoconfigure.restdocs.RestDocsTestExecutionListener@52abb346, org.springframework.boot.test.autoconfigure.web.client.MockRestServiceServerResetTestExecutionListener@64653073, org.springframework.boot.test.autoconfigure.web.servlet.MockMvcPrintOnlyOnFailureTestExecutionListener@396a582b, org.springframework.boot.test.autoconfigure.web.servlet.WebDriverTestExecutionListener@477a8b50, org.springframework.boot.test.mock.mockito.ResetMocksTestExecutionListener@4844217a]
14:32:00.176 [Test worker] DEBUG org.springframework.test.annotation.ProfileValueUtils - Retrieved @ProfileValueSourceConfiguration [null] for test class [app.demo.test.UseCaseConfigTest]
14:32:00.176 [Test worker] DEBUG org.springframework.test.annotation.ProfileValueUtils - Retrieved ProfileValueSource type [class org.springframework.test.annotation.SystemProfileValueSource] for class [app.demo.test.UseCaseConfigTest]
14:32:00.178 [Test worker] DEBUG org.springframework.test.annotation.ProfileValueUtils - Retrieved @ProfileValueSourceConfiguration [null] for test class [app.demo.test.UseCaseConfigTest]
14:32:00.178 [Test worker] DEBUG org.springframework.test.annotation.ProfileValueUtils - Retrieved ProfileValueSource type [class org.springframework.test.annotation.SystemProfileValueSource] for class [app.demo.test.UseCaseConfigTest]
14:32:00.184 [Test worker] DEBUG org.springframework.test.context.support.AbstractDirtiesContextTestExecutionListener - Before test class: context [DefaultTestContext@6231ce9 testClass = UseCaseConfigTest, testInstance = [null], testMethod = [null], testException = [null], mergedContextConfiguration = [ReactiveWebMergedContextConfiguration@61cb5ae8 testClass = UseCaseConfigTest, locations = '{}', classes = '{class app.demo.test.UseCaseConfigTest$App}', contextInitializerClasses = '[]', activeProfiles = '{}', propertySourceLocations = '{}', propertySourceProperties = '{org.springframework.boot.test.context.SpringBootTestContextBootstrapper=true}', contextCustomizers = set[org.springframework.boot.test.autoconfigure.properties.PropertyMappingContextCustomizer@0, org.springframework.boot.test.autoconfigure.web.servlet.WebDriverContextCustomizerFactory$Customizer@2facf1f3, org.springframework.boot.test.context.filter.ExcludeFilterContextCustomizer@5d4c3e7e, org.springframework.boot.test.json.DuplicateJsonObjectContextCustomizerFactory$DuplicateJsonObjectContextCustomizer@531e503e, org.springframework.boot.test.mock.mockito.MockitoContextCustomizer@0, org.springframework.boot.test.web.client.TestRestTemplateContextCustomizer@7c4ffac2, org.springframework.boot.test.web.reactive.server.WebTestClientContextCustomizer@5106f73c], contextLoader = 'org.springframework.boot.test.context.SpringBootContextLoader', parent = [null]], attributes = map[[empty]]], class annotated with @DirtiesContext [false] with mode [null].
14:32:00.185 [Test worker] DEBUG org.springframework.test.annotation.ProfileValueUtils - Retrieved @ProfileValueSourceConfiguration [null] for test class [app.demo.test.UseCaseConfigTest]
14:32:00.185 [Test worker] DEBUG org.springframework.test.annotation.ProfileValueUtils - Retrieved ProfileValueSource type [class org.springframework.test.annotation.SystemProfileValueSource] for class [app.demo.test.UseCaseConfigTest]
14:32:00.193 [Test worker] DEBUG org.springframework.test.context.support.DependencyInjectionTestExecutionListener - Performing dependency injection for test context [[DefaultTestContext@6231ce9 testClass = UseCaseConfigTest, testInstance = app.demo.test.UseCaseConfigTest@13ca1f06, testMethod = [null], testException = [null], mergedContextConfiguration = [ReactiveWebMergedContextConfiguration@61cb5ae8 testClass = UseCaseConfigTest, locations = '{}', classes = '{class app.demo.test.UseCaseConfigTest$App}', contextInitializerClasses = '[]', activeProfiles = '{}', propertySourceLocations = '{}', propertySourceProperties = '{org.springframework.boot.test.context.SpringBootTestContextBootstrapper=true}', contextCustomizers = set[org.springframework.boot.test.autoconfigure.properties.PropertyMappingContextCustomizer@0, org.springframework.boot.test.autoconfigure.web.servlet.WebDriverContextCustomizerFactory$Customizer@2facf1f3, org.springframework.boot.test.context.filter.ExcludeFilterContextCustomizer@5d4c3e7e, org.springframework.boot.test.json.DuplicateJsonObjectContextCustomizerFactory$DuplicateJsonObjectContextCustomizer@531e503e, org.springframework.boot.test.mock.mockito.MockitoContextCustomizer@0, org.springframework.boot.test.web.client.TestRestTemplateContextCustomizer@7c4ffac2, org.springframework.boot.test.web.reactive.server.WebTestClientContextCustomizer@5106f73c], contextLoader = 'org.springframework.boot.test.context.SpringBootContextLoader', parent = [null]], attributes = map[[empty]]]].
14:32:00.234 [Test worker] DEBUG org.springframework.test.context.support.TestPropertySourceUtils - Adding inlined properties to environment: {spring.jmx.enabled=false, org.springframework.boot.test.context.SpringBootTestContextBootstrapper=true, server.port=-1}

  .   ____          _            __ _ _
 /\\ / ___'_ __ _ _(_)_ __  __ _ \ \ \ \
( ( )\___ | '_ | '_| | '_ \/ _` | \ \ \ \
 \\/  ___)| |_)| | | | | || (_| |  ) ) ) )
  '  |____| .__|_| |_|_| |_\__, | / / / /
 =========|_|==============|___/=/_/_/_/
 :: Spring Boot ::        (v2.1.1.RELEASE)

2019-08-16 14:32:00.543  INFO 27611 --- [    Test worker] app.demo.test.UseCaseConfigTest          : Starting UseCaseConfigTest on MacBook-Pro-de-rpombo-3.local with PID 27611 (started by derico in /Users/derico/Documents/T+1/Clean Architecture/service-base/applications/app-service)
2019-08-16 14:32:00.544  INFO 27611 --- [    Test worker] app.demo.test.UseCaseConfigTest          : No active profile set, falling back to default profiles: default
2019-08-16 14:32:01.211  INFO 27611 --- [    Test worker] .s.d.r.c.RepositoryConfigurationDelegate : Bootstrapping Spring Data repositories in DEFAULT mode.
2019-08-16 14:32:01.236  INFO 27611 --- [    Test worker] .s.d.r.c.RepositoryConfigurationDelegate : Finished Spring Data repository scanning in 17ms. Found 0 repository interfaces.
2019-08-16 14:32:01.816  INFO 27611 --- [    Test worker] com.zaxxer.hikari.HikariDataSource       : HikariPool-1 - Starting...
2019-08-16 14:32:02.074  INFO 27611 --- [    Test worker] com.zaxxer.hikari.HikariDataSource       : HikariPool-1 - Start completed.
2019-08-16 14:32:02.180  INFO 27611 --- [    Test worker] o.hibernate.jpa.internal.util.LogHelper  : HHH000204: Processing PersistenceUnitInfo [
	name: default
	...]
2019-08-16 14:32:02.285  INFO 27611 --- [    Test worker] org.hibernate.Version                    : HHH000412: Hibernate Core {5.3.7.Final}
2019-08-16 14:32:02.287  INFO 27611 --- [    Test worker] org.hibernate.cfg.Environment            : HHH000206: hibernate.properties not found
2019-08-16 14:32:02.470  INFO 27611 --- [    Test worker] o.hibernate.annotations.common.Version   : HCANN000001: Hibernate Commons Annotations {5.0.4.Final}
2019-08-16 14:32:02.677  INFO 27611 --- [    Test worker] org.hibernate.dialect.Dialect            : HHH000400: Using dialect: org.hibernate.dialect.H2Dialect
2019-08-16 14:32:03.002  INFO 27611 --- [    Test worker] o.h.t.schema.internal.SchemaCreatorImpl  : HHH000476: Executing import script 'org.hibernate.tool.schema.internal.exec.ScriptSourceInputNonExistentImpl@54520f9b'
2019-08-16 14:32:03.005  INFO 27611 --- [    Test worker] j.LocalContainerEntityManagerFactoryBean : Initialized JPA EntityManagerFactory for persistence unit 'default'
2019-08-16 14:32:03.022  WARN 27611 --- [    Test worker] app.demo.defaults.DefaultBeansConfig     : CONFIGURACION FAKE: 
2019-08-16 14:32:03.025  WARN 27611 --- [    Test worker] app.demo.defaults.DefaultBeansConfig     : CONFIGURACION FAKE: 
2019-08-16 14:32:03.033  WARN 27611 --- [    Test worker] app.demo.defaults.DefaultBeansConfig     : CONFIGURACION FAKE: 
2019-08-16 14:32:03.037  WARN 27611 --- [    Test worker] app.demo.defaults.DefaultBeansConfig     : CONFIGURACION FAKE: 
2019-08-16 14:32:04.052  INFO 27611 --- [    Test worker] app.demo.test.UseCaseConfigTest          : Started UseCaseConfigTest in 3.805 seconds (JVM running for 10.115)
]]></system-out>
  <system-err><![CDATA[]]></system-err>
</testsuite>
